[0m15:32:50.512251 [debug] [MainThread]: Sending event: {'category': 'dbt', 'action': 'invocation', 'label': 'start', 'context': [<snowplow_tracker.self_describing_json.SelfDescribingJson object at 0x7f46f475d6a0>, <snowplow_tracker.self_describing_json.SelfDescribingJson object at 0x7f46f3caf250>, <snowplow_tracker.self_describing_json.SelfDescribingJson object at 0x7f46f34dfc50>]}


============================== 15:32:50.542156 | b1130333-f35c-4410-b241-fbfc81b6ee76 ==============================
[0m15:32:50.542156 [info ] [MainThread]: Running with dbt=1.11.12
[0m15:32:50.542599 [debug] [MainThread]: running dbt with arguments {'indirect_selection': 'eager', 'empty': 'None', 'no_print': 'None', 'debug': 'False', 'static_parser': 'True', 'send_anonymous_usage_stats': 'True', 'partial_parse': 'True', 'warn_error_options': 'WarnErrorOptionsV2(error=[], warn=[], silence=[])', 'write_json': 'True', 'use_experimental_parser': 'False', 'invocation_command': 'dbt init', 'cache_selected_only': 'False', 'target_path': 'None', 'log_cache_events': 'False', 'use_colors': 'True', 'fail_fast': 'False', 'log_path': 'logs', 'quiet': 'False', 'version_check': 'True', 'log_format': 'default', 'introspect': 'True', 'warn_error': 'None', 'profiles_dir': '/home/pfc/.dbt', 'printer_width': '80'}
[0m15:32:50.577421 [info ] [MainThread]: Creating dbt configuration folder at /home/pfc/.dbt
[0m15:32:55.482291 [debug] [MainThread]: Starter project path: /home/pfc/my-cool-stuff/personal_data/nfcu-pipe/.venv/lib/python3.13/site-packages/dbt/include/starter_project
[0m15:32:55.486681 [info ] [MainThread]: 
Your new dbt project "dbt_code" was created!

For more information on how to configure the profiles.yml file,
please consult the dbt documentation here:

  https://docs.getdbt.com/docs/configure-your-profile

One more thing:

Need help? Don't hesitate to reach out to us via GitHub issues or on Slack:

  https://community.getdbt.com/

Happy modeling!

[0m15:32:55.487014 [info ] [MainThread]: Setting up your profile.
[0m15:32:57.837386 [info ] [MainThread]: Profile dbt_code written to /home/pfc/.dbt/profiles.yml using target's sample configuration. Once updated, you'll be able to start developing with dbt.
[0m15:32:57.838005 [debug] [MainThread]: Resource report: {"command_name": "init", "command_success": true, "command_wall_clock_time": 7.373577, "process_in_blocks": "76704", "process_kernel_time": 0.160342, "process_mem_max_rss": "154956", "process_out_blocks": "52024", "process_user_time": 2.661961}
[0m15:32:57.838394 [debug] [MainThread]: Command `dbt init` succeeded at 15:32:57.838313 after 7.37 seconds
[0m15:32:57.838697 [debug] [MainThread]: Sending event: {'category': 'dbt', 'action': 'invocation', 'label': 'end', 'context': [<snowplow_tracker.self_describing_json.SelfDescribingJson object at 0x7f46f3444b00>, <snowplow_tracker.self_describing_json.SelfDescribingJson object at 0x7f46f3be5130>, <snowplow_tracker.self_describing_json.SelfDescribingJson object at 0x7f46f34219d0>]}
[0m15:32:57.839048 [debug] [MainThread]: Flushing usage events
[0m15:32:58.167068 [debug] [MainThread]: An error was encountered while trying to flush usage events
